<?xml version="1.0" encoding="UTF-8"?>
<!-- Generated by org.testng.reporters.JUnitReportReporter -->
<testsuite skipped="0" hostname="INCDSZLP00295" name="pageClasses.AppTest" tests="1" failures="0" timestamp="12 Jul 2018 04:39:43 GMT" time="0.028" errors="0">
  <testcase name="testSelenium" time="0.028" classname="pageClasses.AppTest"/>
</testsuite> <!-- pageClasses.AppTest -->
