<?xml version="1.0" encoding="UTF-8"?>
<!-- Generated by org.testng.reporters.JUnitReportReporter -->
<testsuite skipped="0" hostname="INCDSZLP00295" name="utilities.Utilities" tests="1" failures="0" timestamp="12 Jul 2018 06:13:05 GMT" time="20.269" errors="0">
  <testcase name="testBrowser" time="20.269" classname="utilities.Utilities"/>
</testsuite> <!-- utilities.Utilities -->
