<?xml version="1.0" encoding="UTF-8"?>
<!-- Generated by org.testng.reporters.JUnitReportReporter -->
<testsuite skipped="0" hostname="INCDSZLP00295" name="runClasses.DealerPortal_Login" tests="1" failures="0" timestamp="01 Oct 2018 06:05:26 GMT" time="4.527" errors="0">
  <testcase name="dp_Login" time="4.527" classname="runClasses.DealerPortal_Login"/>
</testsuite> <!-- runClasses.DealerPortal_Login -->
