<?xml version="1.0" encoding="UTF-8"?>
<!-- Generated by org.testng.reporters.JUnitReportReporter -->
<testsuite skipped="0" hostname="INCDSZLP00295" name="runClasses.DealerPortal_Login" tests="1" failures="0" timestamp="27 Jul 2018 16:31:48 GMT" time="2.714" errors="0">
  <testcase name="DP_Login" time="2.714" classname="runClasses.DealerPortal_Login"/>
</testsuite> <!-- runClasses.DealerPortal_Login -->
