<?xml version="1.0" encoding="UTF-8"?>
<!-- Generated by org.testng.reporters.JUnitReportReporter -->
<testsuite skipped="0" hostname="INCDSZLP00295" name="runClasses.DealerPortal_Login" tests="1" failures="0" timestamp="16 Oct 2018 09:36:24 GMT" time="5.872" errors="0">
  <testcase name="dp_Login" time="5.872" classname="runClasses.DealerPortal_Login"/>
</testsuite> <!-- runClasses.DealerPortal_Login -->
