<?xml version="1.0" encoding="UTF-8"?>
<!-- Generated by org.testng.reporters.JUnitReportReporter -->
<testsuite skipped="0" hostname="INCDSZLP00295" name="runClasses.DealerPortalDashboard" tests="2" failures="0" timestamp="10 Sep 2018 13:24:30 GMT" time="44.265" errors="0">
  <testcase name="dp_Login" time="1.927" classname="runClasses.DealerPortalDashboard"/>
  <testcase name="dp_Dashboard" time="42.338" classname="runClasses.DealerPortalDashboard"/>
</testsuite> <!-- runClasses.DealerPortalDashboard -->
