<?xml version="1.0" encoding="UTF-8"?>
<!-- Generated by org.testng.reporters.JUnitReportReporter -->
<testsuite skipped="0" hostname="INCDSZLP00295" name="runClasses.DealerPortal_Login" tests="1" failures="0" timestamp="10 Sep 2018 13:42:11 GMT" time="3.408" errors="0">
  <testcase name="dp_Login" time="3.408" classname="runClasses.DealerPortal_Login"/>
</testsuite> <!-- runClasses.DealerPortal_Login -->
