<?xml version="1.0" encoding="UTF-8"?>
<!-- Generated by org.testng.reporters.JUnitReportReporter -->
<testsuite skipped="0" hostname="INCDSZLP00295" name="runClasses.DealerPortalDashboard" tests="2" failures="0" timestamp="11 Sep 2018 11:10:36 GMT" time="45.608" errors="0">
  <testcase name="dp_Login" time="1.922" classname="runClasses.DealerPortalDashboard"/>
  <testcase name="dp_Dashboard" time="43.686" classname="runClasses.DealerPortalDashboard"/>
</testsuite> <!-- runClasses.DealerPortalDashboard -->
