<?xml version="1.0" encoding="UTF-8"?>
<!-- Generated by org.testng.reporters.JUnitReportReporter -->
<testsuite skipped="0" hostname="INCDSZLP00295" name="runClasses.DealerPortal_Login" tests="1" failures="0" timestamp="25 Jul 2018 12:54:42 GMT" time="0.863" errors="0">
  <testcase name="DP_Login" time="0.863" classname="runClasses.DealerPortal_Login"/>
</testsuite> <!-- runClasses.DealerPortal_Login -->
